<?xml version="1.0" encoding="UTF-8"?>
<testsuite xmlns:xsi="http://www.w3.org/2001/XMLSchema-instance" xsi:noNamespaceSchemaLocation="https://maven.apache.org/surefire/maven-surefire-plugin/xsd/surefire-test-report-3.0.xsd" version="3.0" name="com.in28minutes.maven.AppTest" time="0.027" tests="2" errors="0" skipped="0" failures="0">
  <properties>
    <property name="java.specification.version" value="24"/>
    <property name="sun.jnu.encoding" value="UTF-8"/>
    <property name="java.class.path" value="/Users/arun/Documents/JavaCrashCourse/MavenIn28Minutes/2.intermediate-maven-example/target/test-classes:/Users/arun/Documents/JavaCrashCourse/MavenIn28Minutes/2.intermediate-maven-example/target/classes:/Users/arun/.m2/repository/junit/junit/4.13.2/junit-4.13.2.jar:/Users/arun/.m2/repository/org/hamcrest/hamcrest-core/1.3/hamcrest-core-1.3.jar:/Users/arun/.m2/repository/org/hibernate/hibernate/3.2.5.ga/hibernate-3.2.5.ga.jar:/Users/arun/.m2/repository/net/sf/ehcache/ehcache/1.2.3/ehcache-1.2.3.jar:/Users/arun/.m2/repository/commons-logging/commons-logging/1.0.4/commons-logging-1.0.4.jar:/Users/arun/.m2/repository/asm/asm-attrs/1.5.3/asm-attrs-1.5.3.jar:/Users/arun/.m2/repository/dom4j/dom4j/1.6.1/dom4j-1.6.1.jar:/Users/arun/.m2/repository/antlr/antlr/2.7.6/antlr-2.7.6.jar:/Users/arun/.m2/repository/cglib/cglib/2.1_3/cglib-2.1_3.jar:/Users/arun/.m2/repository/asm/asm/1.5.3/asm-1.5.3.jar:/Users/arun/.m2/repository/commons-collections/commons-collections/2.1.1/commons-collections-2.1.1.jar:"/>
    <property name="java.vm.vendor" value="Homebrew"/>
    <property name="sun.arch.data.model" value="64"/>
    <property name="java.vendor.url" value="https://github.com/Homebrew/homebrew-core/issues"/>
    <property name="os.name" value="Mac OS X"/>
    <property name="java.vm.specification.version" value="24"/>
    <property name="sun.java.launcher" value="SUN_STANDARD"/>
    <property name="user.country" value="NL"/>
    <property name="sun.boot.library.path" value="/opt/homebrew/Cellar/openjdk/24.0.2/libexec/openjdk.jdk/Contents/Home/lib"/>
    <property name="sun.java.command" value="/Users/arun/Documents/JavaCrashCourse/MavenIn28Minutes/2.intermediate-maven-example/target/surefire/surefirebooter-20250822124324747_3.jar /Users/arun/Documents/JavaCrashCourse/MavenIn28Minutes/2.intermediate-maven-example/target/surefire 2025-08-22T12-43-24_701-jvmRun1 surefire-20250822124324747_1tmp surefire_0-20250822124324747_2tmp"/>
    <property name="http.nonProxyHosts" value="local|*.local|169.254/16|*.169.254/16"/>
    <property name="jdk.debug" value="release"/>
    <property name="surefire.test.class.path" value="/Users/arun/Documents/JavaCrashCourse/MavenIn28Minutes/2.intermediate-maven-example/target/test-classes:/Users/arun/Documents/JavaCrashCourse/MavenIn28Minutes/2.intermediate-maven-example/target/classes:/Users/arun/.m2/repository/junit/junit/4.13.2/junit-4.13.2.jar:/Users/arun/.m2/repository/org/hamcrest/hamcrest-core/1.3/hamcrest-core-1.3.jar:/Users/arun/.m2/repository/org/hibernate/hibernate/3.2.5.ga/hibernate-3.2.5.ga.jar:/Users/arun/.m2/repository/net/sf/ehcache/ehcache/1.2.3/ehcache-1.2.3.jar:/Users/arun/.m2/repository/commons-logging/commons-logging/1.0.4/commons-logging-1.0.4.jar:/Users/arun/.m2/repository/asm/asm-attrs/1.5.3/asm-attrs-1.5.3.jar:/Users/arun/.m2/repository/dom4j/dom4j/1.6.1/dom4j-1.6.1.jar:/Users/arun/.m2/repository/antlr/antlr/2.7.6/antlr-2.7.6.jar:/Users/arun/.m2/repository/cglib/cglib/2.1_3/cglib-2.1_3.jar:/Users/arun/.m2/repository/asm/asm/1.5.3/asm-1.5.3.jar:/Users/arun/.m2/repository/commons-collections/commons-collections/2.1.1/commons-collections-2.1.1.jar:"/>
    <property name="sun.cpu.endian" value="little"/>
    <property name="user.home" value="/Users/arun"/>
    <property name="user.language" value="en"/>
    <property name="java.specification.vendor" value="Oracle Corporation"/>
    <property name="java.version.date" value="2025-07-15"/>
    <property name="java.home" value="/opt/homebrew/Cellar/openjdk/24.0.2/libexec/openjdk.jdk/Contents/Home"/>
    <property name="file.separator" value="/"/>
    <property name="basedir" value="/Users/arun/Documents/JavaCrashCourse/MavenIn28Minutes/2.intermediate-maven-example"/>
    <property name="java.vm.compressedOopsMode" value="Zero based"/>
    <property name="line.separator" value="&#10;"/>
    <property name="java.vm.specification.vendor" value="Oracle Corporation"/>
    <property name="java.specification.name" value="Java Platform API Specification"/>
    <property name="apple.awt.application.name" value="ForkedBooter"/>
    <property name="surefire.real.class.path" value="/Users/arun/Documents/JavaCrashCourse/MavenIn28Minutes/2.intermediate-maven-example/target/surefire/surefirebooter-20250822124324747_3.jar"/>
    <property name="sun.management.compiler" value="HotSpot 64-Bit Tiered Compilers"/>
    <property name="ftp.nonProxyHosts" value="local|*.local|169.254/16|*.169.254/16"/>
    <property name="java.runtime.version" value="24.0.2"/>
    <property name="user.name" value="arun"/>
    <property name="stdout.encoding" value="UTF-8"/>
    <property name="path.separator" value=":"/>
    <property name="os.version" value="15.6"/>
    <property name="java.runtime.name" value="OpenJDK Runtime Environment"/>
    <property name="file.encoding" value="UTF-8"/>
    <property name="java.vm.name" value="OpenJDK 64-Bit Server VM"/>
    <property name="java.vendor.version" value="Homebrew"/>
    <property name="localRepository" value="/Users/arun/.m2/repository"/>
    <property name="java.vendor.url.bug" value="https://github.com/Homebrew/homebrew-core/issues"/>
    <property name="java.io.tmpdir" value="/var/folders/81/vw_nk_n13_d9pz6pz6hbv5fr0000gn/T/"/>
    <property name="java.version" value="24.0.2"/>
    <property name="user.dir" value="/Users/arun/Documents/JavaCrashCourse/MavenIn28Minutes/2.intermediate-maven-example"/>
    <property name="os.arch" value="aarch64"/>
    <property name="java.vm.specification.name" value="Java Virtual Machine Specification"/>
    <property name="native.encoding" value="UTF-8"/>
    <property name="java.library.path" value="/Users/arun/Library/Java/Extensions:/Library/Java/Extensions:/Network/Library/Java/Extensions:/System/Library/Java/Extensions:/usr/lib/java:."/>
    <property name="java.vm.info" value="mixed mode, sharing"/>
    <property name="stderr.encoding" value="UTF-8"/>
    <property name="java.vendor" value="Homebrew"/>
    <property name="java.vm.version" value="24.0.2"/>
    <property name="sun.io.unicode.encoding" value="UnicodeBig"/>
    <property name="socksNonProxyHosts" value="local|*.local|169.254/16|*.169.254/16"/>
    <property name="java.class.version" value="68.0"/>
  </properties>
  <testcase name="testAdd" classname="com.in28minutes.maven.AppTest" time="0.002"/>
  <testcase name="testApp" classname="com.in28minutes.maven.AppTest" time="0.0"/>
</testsuite>